# JRE version: OpenJDK Runtime Environment (8.0_242-b01) (build 1.8.0_242-release-1644-b01)
# Java VM: OpenJDK 64-Bit Server VM (25.242-b01 mixed mode windows-amd64 compressed oops)
Heap:
 PSYoungGen      total 493056K, used 240378K [0x00000000d5580000, 0x00000000f6200000, 0x0000000100000000)
  eden space 470528K, 51% used [0x00000000d5580000,0x00000000e403ebe8,0x00000000f2100000)
  from space 22528K, 0% used [0x00000000f4c00000,0x00000000f4c00000,0x00000000f6200000)
  to   space 33280K, 0% used [0x00000000f2100000,0x00000000f2100000,0x00000000f4180000)
 ParOldGen       total 195584K, used 73854K [0x0000000080000000, 0x000000008bf00000, 0x00000000d5580000)
  object space 195584K, 37% used [0x0000000080000000,0x000000008481fb60,0x000000008bf00000)
 Metaspace       used 99020K, capacity 104768K, committed 105036K, reserved 1140736K
  class space    used 13245K, capacity 14367K, committed 14452K, reserved 1048576K
GC Heap History (10 events):
Event: 28.313 GC heap before
{Heap before GC invocations=16 (full 3):
 PSYoungGen      total 302592K, used 301336K [0x00000000d5580000, 0x00000000e9a00000, 0x0000000100000000)
  eden space 284160K, 100% used [0x00000000d5580000,0x00000000e6b00000,0x00000000e6b00000)
  from space 18432K, 93% used [0x00000000e8800000,0x00000000e98c60b8,0x00000000e9a00000)
  to   space 24064K, 0% used [0x00000000e6b00000,0x00000000e6b00000,0x00000000e8280000)
 ParOldGen       total 124928K, used 44086K [0x0000000080000000, 0x0000000087a00000, 0x00000000d5580000)
  object space 124928K, 35% used [0x0000000080000000,0x0000000082b0da28,0x0000000087a00000)
 Metaspace       used 79189K, capacity 83088K, committed 83416K, reserved 1122304K
  class space    used 10677K, capacity 11421K, committed 11520K, reserved 1048576K
Event: 28.327 GC heap after
Heap after GC invocations=16 (full 3):
 PSYoungGen      total 308224K, used 19350K [0x00000000d5580000, 0x00000000efc80000, 0x0000000100000000)
  eden space 284160K, 0% used [0x00000000d5580000,0x00000000d5580000,0x00000000e6b00000)
  from space 24064K, 80% used [0x00000000e6b00000,0x00000000e7de5ab0,0x00000000e8280000)
  to   space 25600K, 0% used [0x00000000ee380000,0x00000000ee380000,0x00000000efc80000)
 ParOldGen       total 124928K, used 44094K [0x0000000080000000, 0x0000000087a00000, 0x00000000d5580000)
  object space 124928K, 35% used [0x0000000080000000,0x0000000082b0fa28,0x0000000087a00000)
 Metaspace       used 79189K, capacity 83088K, committed 83416K, reserved 1122304K
  class space    used 10677K, capacity 11421K, committed 11520K, reserved 1048576K
}
Event: 30.175 GC heap before
{Heap before GC invocations=17 (full 3):
 PSYoungGen      total 308224K, used 303510K [0x00000000d5580000, 0x00000000efc80000, 0x0000000100000000)
  eden space 284160K, 100% used [0x00000000d5580000,0x00000000e6b00000,0x00000000e6b00000)
  from space 24064K, 80% used [0x00000000e6b00000,0x00000000e7de5ab0,0x00000000e8280000)
  to   space 25600K, 0% used [0x00000000ee380000,0x00000000ee380000,0x00000000efc80000)
 ParOldGen       total 124928K, used 44094K [0x0000000080000000, 0x0000000087a00000, 0x00000000d5580000)
  object space 124928K, 35% used [0x0000000080000000,0x0000000082b0fa28,0x0000000087a00000)
 Metaspace       used 80099K, capacity 84124K, committed 84184K, reserved 1122304K
  class space    used 10751K, capacity 11505K, committed 11520K, reserved 1048576K
Event: 30.191 GC heap after
Heap after GC invocations=17 (full 3):
 PSYoungGen      total 395264K, used 7895K [0x00000000d5580000, 0x00000000ef600000, 0x0000000100000000)
  eden space 376320K, 0% used [0x00000000d5580000,0x00000000d5580000,0x00000000ec500000)
  from space 18944K, 41% used [0x00000000ee380000,0x00000000eeb35dc0,0x00000000ef600000)
  to   space 25088K, 0% used [0x00000000ec500000,0x00000000ec500000,0x00000000edd80000)
 ParOldGen       total 124928K, used 55056K [0x0000000080000000, 0x0000000087a00000, 0x00000000d5580000)
  object space 124928K, 44% used [0x0000000080000000,0x00000000835c4378,0x0000000087a00000)
 Metaspace       used 80099K, capacity 84124K, committed 84184K, reserved 1122304K
  class space    used 10751K, capacity 11505K, committed 11520K, reserved 1048576K
}
Event: 134.390 GC heap before
{Heap before GC invocations=18 (full 3):
 PSYoungGen      total 395264K, used 384215K [0x00000000d5580000, 0x00000000ef600000, 0x0000000100000000)
  eden space 376320K, 100% used [0x00000000d5580000,0x00000000ec500000,0x00000000ec500000)
  from space 18944K, 41% used [0x00000000ee380000,0x00000000eeb35dc0,0x00000000ef600000)
  to   space 25088K, 0% used [0x00000000ec500000,0x00000000ec500000,0x00000000edd80000)
 ParOldGen       total 124928K, used 55056K [0x0000000080000000, 0x0000000087a00000, 0x00000000d5580000)
  object space 124928K, 44% used [0x0000000080000000,0x00000000835c4378,0x0000000087a00000)
 Metaspace       used 89247K, capacity 93844K, committed 94168K, reserved 1130496K
  class space    used 11788K, capacity 12721K, committed 12800K, reserved 1048576K
Event: 134.422 GC heap after
Heap after GC invocations=18 (full 3):
 PSYoungGen      total 401408K, used 25085K [0x00000000d5580000, 0x00000000f6b80000, 0x0000000100000000)
  eden space 376320K, 0% used [0x00000000d5580000,0x00000000d5580000,0x00000000ec500000)
  from space 25088K, 99% used [0x00000000ec500000,0x00000000edd7f680,0x00000000edd80000)
  to   space 32256K, 0% used [0x00000000f4c00000,0x00000000f4c00000,0x00000000f6b80000)
 ParOldGen       total 124928K, used 64608K [0x0000000080000000, 0x0000000087a00000, 0x00000000d5580000)
  object space 124928K, 51% used [0x0000000080000000,0x0000000083f18008,0x0000000087a00000)
 Metaspace       used 89247K, capacity 93844K, committed 94168K, reserved 1130496K
  class space    used 11788K, capacity 12721K, committed 12800K, reserved 1048576K
}
Event: 141.765 GC heap before
{Heap before GC invocations=19 (full 3):
 PSYoungGen      total 401408K, used 254981K [0x00000000d5580000, 0x00000000f6b80000, 0x0000000100000000)
  eden space 376320K, 61% used [0x00000000d5580000,0x00000000e3601e50,0x00000000ec500000)
  from space 25088K, 99% used [0x00000000ec500000,0x00000000edd7f680,0x00000000edd80000)
  to   space 32256K, 0% used [0x00000000f4c00000,0x00000000f4c00000,0x00000000f6b80000)
 ParOldGen       total 124928K, used 64608K [0x0000000080000000, 0x0000000087a00000, 0x00000000d5580000)
  object space 124928K, 51% used [0x0000000080000000,0x0000000083f18008,0x0000000087a00000)
 Metaspace       used 93062K, capacity 98300K, committed 98380K, reserved 1134592K
  class space    used 12313K, capacity 13351K, committed 13428K, reserved 1048576K
Event: 141.785 GC heap after
Heap after GC invocations=19 (full 3):
 PSYoungGen      total 493056K, used 22151K [0x00000000d5580000, 0x00000000f6200000, 0x0000000100000000)
  eden space 470528K, 0% used [0x00000000d5580000,0x00000000d5580000,0x00000000f2100000)
  from space 22528K, 98% used [0x00000000f4c00000,0x00000000f61a1f10,0x00000000f6200000)
  to   space 33280K, 0% used [0x00000000f2100000,0x00000000f2100000,0x00000000f4180000)
 ParOldGen       total 124928K, used 71372K [0x0000000080000000, 0x0000000087a00000, 0x00000000d5580000)
  object space 124928K, 57% used [0x0000000080000000,0x00000000845b3168,0x0000000087a00000)
 Metaspace       used 93062K, capacity 98300K, committed 98380K, reserved 1134592K
  class space    used 12313K, capacity 13351K, committed 13428K, reserved 1048576K
}
Event: 141.785 GC heap before
{Heap before GC invocations=20 (full 4):
 PSYoungGen      total 493056K, used 22151K [0x00000000d5580000, 0x00000000f6200000, 0x0000000100000000)
  eden space 470528K, 0% used [0x00000000d5580000,0x00000000d5580000,0x00000000f2100000)
  from space 22528K, 98% used [0x00000000f4c00000,0x00000000f61a1f10,0x00000000f6200000)
  to   space 33280K, 0% used [0x00000000f2100000,0x00000000f2100000,0x00000000f4180000)
 ParOldGen       total 124928K, used 71372K [0x0000000080000000, 0x0000000087a00000, 0x00000000d5580000)
  object space 124928K, 57% used [0x0000000080000000,0x00000000845b3168,0x0000000087a00000)
 Metaspace       used 93062K, capacity 98300K, committed 98380K, reserved 1134592K
  class space    used 12313K, capacity 13351K, committed 13428K, reserved 1048576K
Event: 141.919 GC heap after
Heap after GC invocations=20 (full 4):
 PSYoungGen      total 493056K, used 0K [0x00000000d5580000, 0x00000000f6200000, 0x0000000100000000)
  eden space 470528K, 0% used [0x00000000d5580000,0x00000000d5580000,0x00000000f2100000)
  from space 22528K, 0% used [0x00000000f4c00000,0x00000000f4c00000,0x00000000f6200000)
  to   space 33280K, 0% used [0x00000000f2100000,0x00000000f2100000,0x00000000f4180000)
 ParOldGen       total 195584K, used 73854K [0x0000000080000000, 0x000000008bf00000, 0x00000000d5580000)
  object space 195584K, 37% used [0x0000000080000000,0x000000008481fb60,0x000000008bf00000)
 Metaspace       used 92623K, capacity 97046K, committed 98380K, reserved 1134592K
  class space    used 12171K, capacity 13100K, committed 13428K, reserved 1048576K
}

