# JRE version: OpenJDK Runtime Environment (8.0_242-b01) (build 1.8.0_242-release-1644-b01)
# Java VM: OpenJDK 64-Bit Server VM (25.242-b01 mixed mode windows-amd64 compressed oops)
Heap:
 PSYoungGen      total 537088K, used 4480K [0x00000000d5580000, 0x00000000ff080000, 0x0000000100000000)
  eden space 480768K, 0% used [0x00000000d5580000,0x00000000d5580000,0x00000000f2b00000)
  from space 56320K, 7% used [0x00000000fb980000,0x00000000fbde0000,0x00000000ff080000)
  to   space 56832K, 0% used [0x00000000f2b00000,0x00000000f2b00000,0x00000000f6280000)
 ParOldGen       total 198144K, used 174593K [0x0000000080000000, 0x000000008c180000, 0x00000000d5580000)
  object space 198144K, 88% used [0x0000000080000000,0x000000008aa80408,0x000000008c180000)
 Metaspace       used 120188K, capacity 128350K, committed 128460K, reserved 1161216K
  class space    used 15571K, capacity 17152K, committed 17152K, reserved 1048576K
GC Heap History (10 events):
Event: 6823.010 GC heap after
Heap after GC invocations=30 (full 4):
 PSYoungGen      total 466432K, used 24457K [0x00000000d5580000, 0x00000000f5500000, 0x0000000100000000)
  eden space 415232K, 0% used [0x00000000d5580000,0x00000000d5580000,0x00000000eeb00000)
  from space 51200K, 47% used [0x00000000f2300000,0x00000000f3ae25f8,0x00000000f5500000)
  to   space 54272K, 0% used [0x00000000eeb00000,0x00000000eeb00000,0x00000000f2000000)
 ParOldGen       total 198144K, used 132625K [0x0000000080000000, 0x000000008c180000, 0x00000000d5580000)
  object space 198144K, 66% used [0x0000000080000000,0x0000000088184540,0x000000008c180000)
 Metaspace       used 118481K, capacity 126470K, committed 126540K, reserved 1159168K
  class space    used 15480K, capacity 17004K, committed 17024K, reserved 1048576K
}
Event: 6824.306 GC heap before
{Heap before GC invocations=31 (full 4):
 PSYoungGen      total 466432K, used 439689K [0x00000000d5580000, 0x00000000f5500000, 0x0000000100000000)
  eden space 415232K, 100% used [0x00000000d5580000,0x00000000eeb00000,0x00000000eeb00000)
  from space 51200K, 47% used [0x00000000f2300000,0x00000000f3ae25f8,0x00000000f5500000)
  to   space 54272K, 0% used [0x00000000eeb00000,0x00000000eeb00000,0x00000000f2000000)
 ParOldGen       total 198144K, used 132625K [0x0000000080000000, 0x000000008c180000, 0x00000000d5580000)
  object space 198144K, 66% used [0x0000000080000000,0x0000000088184540,0x000000008c180000)
 Metaspace       used 119365K, capacity 127488K, committed 127692K, reserved 1159168K
  class space    used 15556K, capacity 17137K, committed 17152K, reserved 1048576K
Event: 6824.330 GC heap after
Heap after GC invocations=31 (full 4):
 PSYoungGen      total 469504K, used 38583K [0x00000000d5580000, 0x00000000f9980000, 0x0000000100000000)
  eden space 415232K, 0% used [0x00000000d5580000,0x00000000d5580000,0x00000000eeb00000)
  from space 54272K, 71% used [0x00000000eeb00000,0x00000000f10add40,0x00000000f2000000)
  to   space 56320K, 0% used [0x00000000f6280000,0x00000000f6280000,0x00000000f9980000)
 ParOldGen       total 198144K, used 132769K [0x0000000080000000, 0x000000008c180000, 0x00000000d5580000)
  object space 198144K, 67% used [0x0000000080000000,0x00000000881a8550,0x000000008c180000)
 Metaspace       used 119365K, capacity 127488K, committed 127692K, reserved 1159168K
  class space    used 15556K, capacity 17137K, committed 17152K, reserved 1048576K
}
Event: 6825.308 GC heap before
{Heap before GC invocations=32 (full 4):
 PSYoungGen      total 469504K, used 453815K [0x00000000d5580000, 0x00000000f9980000, 0x0000000100000000)
  eden space 415232K, 100% used [0x00000000d5580000,0x00000000eeb00000,0x00000000eeb00000)
  from space 54272K, 71% used [0x00000000eeb00000,0x00000000f10add40,0x00000000f2000000)
  to   space 56320K, 0% used [0x00000000f6280000,0x00000000f6280000,0x00000000f9980000)
 ParOldGen       total 198144K, used 132769K [0x0000000080000000, 0x000000008c180000, 0x00000000d5580000)
  object space 198144K, 67% used [0x0000000080000000,0x00000000881a8550,0x000000008c180000)
 Metaspace       used 119999K, capacity 128182K, committed 128204K, reserved 1161216K
  class space    used 15566K, capacity 17146K, committed 17152K, reserved 1048576K
Event: 6825.358 GC heap after
Heap after GC invocations=32 (full 4):
 PSYoungGen      total 537088K, used 37264K [0x00000000d5580000, 0x00000000fa700000, 0x0000000100000000)
  eden space 480768K, 0% used [0x00000000d5580000,0x00000000d5580000,0x00000000f2b00000)
  from space 56320K, 66% used [0x00000000f6280000,0x00000000f86e40b8,0x00000000f9980000)
  to   space 56832K, 0% used [0x00000000f2b00000,0x00000000f2b00000,0x00000000f6280000)
 ParOldGen       total 198144K, used 142254K [0x0000000080000000, 0x000000008c180000, 0x00000000d5580000)
  object space 198144K, 71% used [0x0000000080000000,0x0000000088aeb910,0x000000008c180000)
 Metaspace       used 119999K, capacity 128182K, committed 128204K, reserved 1161216K
  class space    used 15566K, capacity 17146K, committed 17152K, reserved 1048576K
}
Event: 6826.280 GC heap before
{Heap before GC invocations=33 (full 4):
 PSYoungGen      total 537088K, used 518032K [0x00000000d5580000, 0x00000000fa700000, 0x0000000100000000)
  eden space 480768K, 100% used [0x00000000d5580000,0x00000000f2b00000,0x00000000f2b00000)
  from space 56320K, 66% used [0x00000000f6280000,0x00000000f86e40b8,0x00000000f9980000)
  to   space 56832K, 0% used [0x00000000f2b00000,0x00000000f2b00000,0x00000000f6280000)
 ParOldGen       total 198144K, used 142254K [0x0000000080000000, 0x000000008c180000, 0x00000000d5580000)
  object space 198144K, 71% used [0x0000000080000000,0x0000000088aeb910,0x000000008c180000)
 Metaspace       used 120147K, capacity 128344K, committed 128460K, reserved 1161216K
  class space    used 15570K, capacity 17151K, committed 17152K, reserved 1048576K
Event: 6826.300 GC heap after
Heap after GC invocations=33 (full 4):
 PSYoungGen      total 537600K, used 16922K [0x00000000d5580000, 0x00000000ff080000, 0x0000000100000000)
  eden space 480768K, 0% used [0x00000000d5580000,0x00000000d5580000,0x00000000f2b00000)
  from space 56832K, 29% used [0x00000000f2b00000,0x00000000f3b869d8,0x00000000f6280000)
  to   space 56320K, 0% used [0x00000000fb980000,0x00000000fb980000,0x00000000ff080000)
 ParOldGen       total 198144K, used 158974K [0x0000000080000000, 0x000000008c180000, 0x00000000d5580000)
  object space 198144K, 80% used [0x0000000080000000,0x0000000089b3f890,0x000000008c180000)
 Metaspace       used 120147K, capacity 128344K, committed 128460K, reserved 1161216K
  class space    used 15570K, capacity 17151K, committed 17152K, reserved 1048576K
}
Event: 6827.121 GC heap before
{Heap before GC invocations=34 (full 4):
 PSYoungGen      total 537600K, used 497690K [0x00000000d5580000, 0x00000000ff080000, 0x0000000100000000)
  eden space 480768K, 100% used [0x00000000d5580000,0x00000000f2b00000,0x00000000f2b00000)
  from space 56832K, 29% used [0x00000000f2b00000,0x00000000f3b869d8,0x00000000f6280000)
  to   space 56320K, 0% used [0x00000000fb980000,0x00000000fb980000,0x00000000ff080000)
 ParOldGen       total 198144K, used 158974K [0x0000000080000000, 0x000000008c180000, 0x00000000d5580000)
  object space 198144K, 80% used [0x0000000080000000,0x0000000089b3f890,0x000000008c180000)
 Metaspace       used 120188K, capacity 128350K, committed 128460K, reserved 1161216K
  class space    used 15571K, capacity 17152K, committed 17152K, reserved 1048576K
Event: 6827.147 GC heap after
Heap after GC invocations=34 (full 4):
 PSYoungGen      total 537088K, used 4480K [0x00000000d5580000, 0x00000000ff080000, 0x0000000100000000)
  eden space 480768K, 0% used [0x00000000d5580000,0x00000000d5580000,0x00000000f2b00000)
  from space 56320K, 7% used [0x00000000fb980000,0x00000000fbde0000,0x00000000ff080000)
  to   space 56832K, 0% used [0x00000000f2b00000,0x00000000f2b00000,0x00000000f6280000)
 ParOldGen       total 198144K, used 174593K [0x0000000080000000, 0x000000008c180000, 0x00000000d5580000)
  object space 198144K, 88% used [0x0000000080000000,0x000000008aa80408,0x000000008c180000)
 Metaspace       used 120188K, capacity 128350K, committed 128460K, reserved 1161216K
  class space    used 15571K, capacity 17152K, committed 17152K, reserved 1048576K
}
Event: 6827.147 GC heap before
{Heap before GC invocations=35 (full 5):
 PSYoungGen      total 537088K, used 4480K [0x00000000d5580000, 0x00000000ff080000, 0x0000000100000000)
  eden space 480768K, 0% used [0x00000000d5580000,0x00000000d5580000,0x00000000f2b00000)
  from space 56320K, 7% used [0x00000000fb980000,0x00000000fbde0000,0x00000000ff080000)
  to   space 56832K, 0% used [0x00000000f2b00000,0x00000000f2b00000,0x00000000f6280000)
 ParOldGen       total 198144K, used 174593K [0x0000000080000000, 0x000000008c180000, 0x00000000d5580000)
  object space 198144K, 88% used [0x0000000080000000,0x000000008aa80408,0x000000008c180000)
 Metaspace       used 120188K, capacity 128350K, committed 128460K, reserved 1161216K
  class space    used 15571K, capacity 17152K, committed 17152K, reserved 1048576K

